[2024-03-04T20:37:26.820+0000] {taskinstance.py:1956} INFO - Dependencies all met for dep_context=non-requeueable deps ti=<TaskInstance: Extraçao_de_dados_do_linkedin.Transformaçao_dos_dados manual__2024-03-04T20:37:22.967202+00:00 [queued]>
[2024-03-04T20:37:26.830+0000] {taskinstance.py:1956} INFO - Dependencies all met for dep_context=requeueable deps ti=<TaskInstance: Extraçao_de_dados_do_linkedin.Transformaçao_dos_dados manual__2024-03-04T20:37:22.967202+00:00 [queued]>
[2024-03-04T20:37:26.831+0000] {taskinstance.py:2170} INFO - Starting attempt 1 of 1
[2024-03-04T20:37:26.867+0000] {taskinstance.py:2191} INFO - Executing <Task(PythonOperator): Transformaçao_dos_dados> on 2024-03-04 20:37:22.967202+00:00
[2024-03-04T20:37:26.873+0000] {standard_task_runner.py:60} INFO - Started process 892 to run task
[2024-03-04T20:37:26.875+0000] {standard_task_runner.py:87} INFO - Running: ['***', 'tasks', 'run', 'Extraçao_de_dados_do_linkedin', 'Transformaçao_dos_dados', 'manual__2024-03-04T20:37:22.967202+00:00', '--job-id', '23', '--raw', '--subdir', 'DAGS_FOLDER/dag_exemplo.py', '--cfg-path', '/tmp/tmpni0qrlf5']
[2024-03-04T20:37:26.877+0000] {standard_task_runner.py:88} INFO - Job 23: Subtask Transformaçao_dos_dados
[2024-03-04T20:37:27.087+0000] {task_command.py:423} INFO - Running <TaskInstance: Extraçao_de_dados_do_linkedin.Transformaçao_dos_dados manual__2024-03-04T20:37:22.967202+00:00 [running]> on host 43d6e1a41402
[2024-03-04T20:37:27.532+0000] {taskinstance.py:2480} INFO - Exporting env vars: AIRFLOW_CTX_DAG_OWNER='***' AIRFLOW_CTX_DAG_ID='Extraçao_de_dados_do_linkedin' AIRFLOW_CTX_TASK_ID='Transformaçao_dos_dados' AIRFLOW_CTX_EXECUTION_DATE='2024-03-04T20:37:22.967202+00:00' AIRFLOW_CTX_TRY_NUMBER='1' AIRFLOW_CTX_DAG_RUN_ID='manual__2024-03-04T20:37:22.967202+00:00'
[2024-03-04T20:37:27.577+0000] {warnings.py:109} WARNING - /opt/***/dags/dag_exemplo.py:52: SettingWithCopyWarning: 
A value is trying to be set on a copy of a slice from a DataFrame

See the caveats in the documentation: https://pandas.pydata.org/pandas-docs/stable/user_guide/indexing.html#returning-a-view-versus-a-copy
  dados_tec.drop_duplicates(inplace=True)

[2024-03-04T20:37:27.581+0000] {warnings.py:109} WARNING - /opt/***/dags/dag_exemplo.py:54: SettingWithCopyWarning: 
A value is trying to be set on a copy of a slice from a DataFrame

See the caveats in the documentation: https://pandas.pydata.org/pandas-docs/stable/user_guide/indexing.html#returning-a-view-versus-a-copy
  dados_tec.drop_duplicates(subset=['job_id'],inplace=True)

[2024-03-04T20:37:27.582+0000] {warnings.py:109} WARNING - /opt/***/dags/dag_exemplo.py:56: SettingWithCopyWarning: 
A value is trying to be set on a copy of a slice from a DataFrame

See the caveats in the documentation: https://pandas.pydata.org/pandas-docs/stable/user_guide/indexing.html#returning-a-view-versus-a-copy
  dados_tec.applications.fillna('Hidden',inplace=True)

[2024-03-04T20:37:27.585+0000] {warnings.py:109} WARNING - /opt/***/dags/dag_exemplo.py:60: SettingWithCopyWarning: 
A value is trying to be set on a copy of a slice from a DataFrame

See the caveats in the documentation: https://pandas.pydata.org/pandas-docs/stable/user_guide/indexing.html#returning-a-view-versus-a-copy
  dados_tec.experience_level.fillna('Assistente',inplace=True)

[2024-03-04T20:37:27.586+0000] {warnings.py:109} WARNING - /opt/***/dags/dag_exemplo.py:63: SettingWithCopyWarning: 
A value is trying to be set on a copy of a slice from a DataFrame

See the caveats in the documentation: https://pandas.pydata.org/pandas-docs/stable/user_guide/indexing.html#returning-a-view-versus-a-copy
  dados_tec.job_type.fillna('Tempo integral',inplace=True)

[2024-03-04T20:37:27.586+0000] {warnings.py:109} WARNING - /opt/***/dags/dag_exemplo.py:65: SettingWithCopyWarning: 
A value is trying to be set on a copy of a slice from a DataFrame

See the caveats in the documentation: https://pandas.pydata.org/pandas-docs/stable/user_guide/indexing.html#returning-a-view-versus-a-copy
  dados_tec.role.fillna('Engenharia e Tecnologia da informação',inplace=True)

[2024-03-04T20:37:27.587+0000] {warnings.py:109} WARNING - /opt/***/dags/dag_exemplo.py:66: SettingWithCopyWarning: 
A value is trying to be set on a copy of a slice from a DataFrame

See the caveats in the documentation: https://pandas.pydata.org/pandas-docs/stable/user_guide/indexing.html#returning-a-view-versus-a-copy
  dados_tec.sectors.fillna('Atividades dos serviços de tecnologia da informação',inplace=True)

[2024-03-04T20:37:27.589+0000] {warnings.py:109} WARNING - /opt/***/dags/dag_exemplo.py:68: SettingWithCopyWarning: 
A value is trying to be set on a copy of a slice from a DataFrame

See the caveats in the documentation: https://pandas.pydata.org/pandas-docs/stable/user_guide/indexing.html#returning-a-view-versus-a-copy
  dados_tec.description.fillna('Sem descrição',inplace=True)

[2024-03-04T20:37:27.591+0000] {warnings.py:109} WARNING - /opt/***/dags/dag_exemplo.py:125: SettingWithCopyWarning: 
A value is trying to be set on a copy of a slice from a DataFrame.
Try using .loc[row_indexer,col_indexer] = value instead

See the caveats in the documentation: https://pandas.pydata.org/pandas-docs/stable/user_guide/indexing.html#returning-a-view-versus-a-copy
  dados_nao_nulos['temp'] = dados_nao_nulos['title'] +" "+ dados_nao_nulos['description']

[2024-03-04T20:37:28.195+0000] {warnings.py:109} WARNING - /opt/***/dags/dag_exemplo.py:126: SettingWithCopyWarning: 
A value is trying to be set on a copy of a slice from a DataFrame.
Try using .loc[row_indexer,col_indexer] = value instead

See the caveats in the documentation: https://pandas.pydata.org/pandas-docs/stable/user_guide/indexing.html#returning-a-view-versus-a-copy
  dados_nao_nulos['requisitos'] = dados_nao_nulos.temp.apply(lambda x: busca_tecnologia(x))

[2024-03-04T20:37:28.836+0000] {warnings.py:109} WARNING - /opt/***/dags/dag_exemplo.py:127: SettingWithCopyWarning: 
A value is trying to be set on a copy of a slice from a DataFrame.
Try using .loc[row_indexer,col_indexer] = value instead

See the caveats in the documentation: https://pandas.pydata.org/pandas-docs/stable/user_guide/indexing.html#returning-a-view-versus-a-copy
  dados_nao_nulos['lista'] = dados_nao_nulos.temp.apply(lambda x: busca_tecnologia_grafico(x))

[2024-03-04T20:37:29.147+0000] {python.py:201} INFO - Done. Returned value was: None
[2024-03-04T20:37:29.162+0000] {taskinstance.py:1138} INFO - Marking task as SUCCESS. dag_id=Extraçao_de_dados_do_linkedin, task_id=Transformaçao_dos_dados, execution_date=20240304T203722, start_date=20240304T203726, end_date=20240304T203729
[2024-03-04T20:37:29.226+0000] {local_task_job_runner.py:234} INFO - Task exited with return code 0
[2024-03-04T20:37:29.239+0000] {taskinstance.py:3280} INFO - 0 downstream tasks scheduled from follow-on schedule check
