[2024-03-07T03:38:09.196+0000] {taskinstance.py:1956} INFO - Dependencies all met for dep_context=non-requeueable deps ti=<TaskInstance: Extraçao_de_dados_do_linkedin.Extraçao_dos_dados manual__2024-03-07T03:38:06.217462+00:00 [queued]>
[2024-03-07T03:38:09.211+0000] {taskinstance.py:1956} INFO - Dependencies all met for dep_context=requeueable deps ti=<TaskInstance: Extraçao_de_dados_do_linkedin.Extraçao_dos_dados manual__2024-03-07T03:38:06.217462+00:00 [queued]>
[2024-03-07T03:38:09.212+0000] {taskinstance.py:2170} INFO - Starting attempt 1 of 1
[2024-03-07T03:38:09.294+0000] {taskinstance.py:2191} INFO - Executing <Task(PythonOperator): Extraçao_dos_dados> on 2024-03-07 03:38:06.217462+00:00
[2024-03-07T03:38:09.311+0000] {standard_task_runner.py:60} INFO - Started process 5313 to run task
[2024-03-07T03:38:09.315+0000] {standard_task_runner.py:87} INFO - Running: ['***', 'tasks', 'run', 'Extraçao_de_dados_do_linkedin', 'Extraçao_dos_dados', 'manual__2024-03-07T03:38:06.217462+00:00', '--job-id', '82', '--raw', '--subdir', 'DAGS_FOLDER/dag_exemplo.py', '--cfg-path', '/tmp/tmp73woi37m']
[2024-03-07T03:38:09.320+0000] {standard_task_runner.py:88} INFO - Job 82: Subtask Extraçao_dos_dados
[2024-03-07T03:38:09.426+0000] {task_command.py:423} INFO - Running <TaskInstance: Extraçao_de_dados_do_linkedin.Extraçao_dos_dados manual__2024-03-07T03:38:06.217462+00:00 [running]> on host 4fca1e22de4a
[2024-03-07T03:38:09.621+0000] {taskinstance.py:2480} INFO - Exporting env vars: AIRFLOW_CTX_DAG_OWNER='***' AIRFLOW_CTX_DAG_ID='Extraçao_de_dados_do_linkedin' AIRFLOW_CTX_TASK_ID='Extraçao_dos_dados' AIRFLOW_CTX_EXECUTION_DATE='2024-03-07T03:38:06.217462+00:00' AIRFLOW_CTX_TRY_NUMBER='1' AIRFLOW_CTX_DAG_RUN_ID='manual__2024-03-07T03:38:06.217462+00:00'
[2024-03-07T03:38:22.401+0000] {warnings.py:109} WARNING - /opt/***/dags/scrap/main.py:50: GuessedAtParserWarning: No parser was explicitly specified, so I'm using the best available HTML parser for this system ("lxml"). This usually isn't a problem, but if you run this code on another system, or in a different virtual environment, it may use a different parser and behave differently.

The code that caused this warning is on line 50 of the file /opt/***/dags/scrap/main.py. To get rid of this warning, pass the additional argument 'features="lxml"' to the BeautifulSoup constructor.

  soup = BeautifulSoup(data)

[2024-03-07T03:38:31.976+0000] {logging_mixin.py:188} INFO - 60
[2024-03-07T03:38:38.432+0000] {logging_mixin.py:188} INFO - Atualmente na página: 0
[2024-03-07T03:38:48.929+0000] {logging_mixin.py:188} INFO - Loader automático...
[2024-03-07T03:38:54.953+0000] {logging_mixin.py:188} INFO - 70
[2024-03-07T03:38:59.465+0000] {logging_mixin.py:188} INFO - Atualmente na página: 1
[2024-03-07T03:39:09.983+0000] {logging_mixin.py:188} INFO - Loader automático...
[2024-03-07T03:39:16.002+0000] {logging_mixin.py:188} INFO - 80
[2024-03-07T03:39:20.171+0000] {logging_mixin.py:188} INFO - Atualmente na página: 2
[2024-03-07T03:39:30.200+0000] {logging_mixin.py:188} INFO - Loader automático...
[2024-03-07T03:39:48.143+0000] {logging_mixin.py:188} INFO - ['NA']
[2024-03-07T03:40:04.546+0000] {logging_mixin.py:188} INFO - ['Nível de experiência', 'Pleno-sênior', 'Tipo de emprego', 'Tempo integral', 'Função', 'Engenharia e Tecnologia da informação', 'Setores', 'Transporte/Caminhões/Trens']
[2024-03-07T03:40:21.104+0000] {logging_mixin.py:188} INFO - ['Nível de experiência', 'Não aplicável', 'Tipo de emprego', 'Tempo integral', 'Função', 'Financeiro e Vendas', 'Setores', 'Atividades dos serviços de tecnologia da informação']
[2024-03-07T03:40:37.543+0000] {logging_mixin.py:188} INFO - ['Nível de experiência', 'Pleno-sênior', 'Tipo de emprego', 'Tempo integral', 'Função', 'Financeiro e Vendas', 'Setores', 'Atividades de serviços financeiros']
[2024-03-07T03:40:53.413+0000] {logging_mixin.py:188} INFO - ['NA']
[2024-03-07T03:41:10.257+0000] {logging_mixin.py:188} INFO - ['Nível de experiência', 'Pleno-sênior', 'Tipo de emprego', 'Tempo integral', 'Função', 'Financeiro', 'Setores', 'Fabricação de defensivos agrícolas, adubos e fertilizantes e Mineração']
[2024-03-07T03:41:26.746+0000] {logging_mixin.py:188} INFO - ['Nível de experiência', 'Não aplicável', 'Tipo de emprego', 'Tempo integral', 'Função', 'Tecnologia da informação', 'Setores', 'Comércio varejista']
[2024-03-07T03:41:43.204+0000] {logging_mixin.py:188} INFO - ['Nível de experiência', 'Assistente', 'Tipo de emprego', 'Tempo integral', 'Função', 'Vendas e Desenvolvimento de negócios', 'Setores', 'Comércio por atacado']
[2024-03-07T03:41:59.592+0000] {logging_mixin.py:188} INFO - ['Nível de experiência', 'Não aplicável', 'Tipo de emprego', 'Tempo integral', 'Função', 'Financeiro e Vendas', 'Setores', 'Fabricação de máquinas, aparelhos e materiais elétricos']
[2024-03-07T03:42:15.972+0000] {logging_mixin.py:188} INFO - ['Nível de experiência', 'Assistente', 'Tipo de emprego', 'Tempo integral', 'Função', 'Administração', 'Setores', 'Transporte, armazenagem e correio']
[2024-03-07T03:42:32.280+0000] {logging_mixin.py:188} INFO - ['Nível de experiência', 'Assistente', 'Tipo de emprego', 'Tempo integral', 'Função', 'Gestão de produtos e Marketing', 'Setores', 'Geração de energia renovável']
[2024-03-07T03:42:48.100+0000] {logging_mixin.py:188} INFO - ['NA']
[2024-03-07T03:43:04.018+0000] {logging_mixin.py:188} INFO - ['NA']
[2024-03-07T03:43:11.205+0000] {local_task_job_runner.py:302} WARNING - State of this instance has been externally set to failed. Terminating instance.
[2024-03-07T03:43:11.209+0000] {process_utils.py:131} INFO - Sending 15 to group 5313. PIDs of all processes in the group: [5313]
[2024-03-07T03:43:11.209+0000] {process_utils.py:86} INFO - Sending the signal 15 to group 5313
[2024-03-07T03:43:11.210+0000] {taskinstance.py:2450} ERROR - Received SIGTERM. Terminating subprocesses.
[2024-03-07T03:43:12.912+0000] {python.py:201} INFO - Done. Returned value was: None
[2024-03-07T03:43:12.932+0000] {taskinstance.py:1138} INFO - Marking task as SUCCESS. dag_id=Extraçao_de_dados_do_linkedin, task_id=Extraçao_dos_dados, execution_date=20240307T033806, start_date=20240307T033809, end_date=20240307T034312
[2024-03-07T03:43:13.043+0000] {process_utils.py:79} INFO - Process psutil.Process(pid=5313, status='terminated', exitcode=0, started='03:38:08') (5313) terminated with exit code 0
